2021-11-23 20:38:57,234:INFO:Creating table main_courses...
2021-11-23 20:38:57,242:INFO:Creating table side_dishes...
2021-11-23 20:38:57,244:INFO:Creating table salads...
2021-11-23 20:38:57,247:INFO:Creating table drinks...
2021-11-23 20:38:57,249:INFO:Creating table desserts...
2021-11-23 20:38:57,252:INFO:Creating migrations table...
2021-11-23 20:39:04,607:INFO:Hello developer!
2021-11-23 20:39:07,312:INFO:Alright, lets start!
2021-11-23 20:39:09,165:INFO:Okay! Your main course is chicken fillet!
2021-11-23 20:39:09,165:INFO:Inserting values into main_courses table...
2021-11-23 20:39:10,154:INFO:Okay! Your side dish is potatoes!
2021-11-23 20:39:10,154:INFO:Inserting values into side_dishes table...
2021-11-23 20:39:10,857:INFO:Okay! Your salad is tomato salad!
2021-11-23 20:39:10,857:INFO:Inserting values into salads table...
2021-11-23 20:39:11,461:INFO:Okay! Your drink is coffee!
2021-11-23 20:39:11,461:INFO:Inserting values into drinks table...
2021-11-23 20:39:13,401:INFO:Okay! Your dessert is bun!
2021-11-23 20:39:13,401:INFO:Inserting values into desserts table...
2021-11-23 20:39:15,606:INFO:Alrighty then! See ya!
2021-11-23 20:49:25,606:INFO:Creating table main_courses...
2021-11-23 20:49:25,606:INFO:Creating table side_dishes...
2021-11-23 20:49:25,606:INFO:Creating table salads...
2021-11-23 20:49:25,606:INFO:Creating table drinks...
2021-11-23 20:49:25,606:INFO:Creating table desserts...
2021-11-23 20:49:25,607:INFO:Creating migrations table...
2021-11-23 20:49:27,123:INFO:Hello guest!
2021-11-23 20:49:28,995:INFO:Alright, lets start!
2021-11-23 20:49:30,626:INFO:Okay! Your main course is filet mignon!
2021-11-23 20:49:30,626:INFO:Inserting values into main_courses table...
2021-11-23 20:49:31,075:INFO:Okay! Your side dish is french potatoes!
2021-11-23 20:49:31,075:INFO:Inserting values into side_dishes table...
2021-11-23 20:49:31,492:INFO:Okay! Your salad is tomato salad!
2021-11-23 20:49:31,493:INFO:Inserting values into salads table...
2021-11-23 20:49:31,931:INFO:Okay! Your drink is soda!
2021-11-23 20:49:31,932:INFO:Inserting values into drinks table...
2021-11-23 20:49:32,418:INFO:Okay! Your dessert is bun!
2021-11-23 20:49:32,419:INFO:Inserting values into desserts table...
2021-11-23 20:49:33,751:INFO:Alrighty then! See ya!
